Using pre-set license
Built from '2020.3/china_unity/release' branch; Version is '2021.3.41f1c1 (abf9ed549ceb) revision 11270637'; Using compiler version '192829333'; Build Type 'Release'
OS: 'Windows 10  (10.0.19043) 64bit Professional' Language: 'zh' Physical Memory: 65440 MB
BatchMode: 1, IsHumanControllingUs: 0, StartBugReporterOnCrash: 0, Is64bit: 1, IsPro: 1

COMMAND LINE ARGUMENTS:
D:\Unity Hub\Editor\2021.3.41f1c1\Editor\Unity.exe
-adb2
-batchMode
-noUpm
-name
AssetImportWorker20
-projectPath
D:/UnityProject/FishMaster/FishMaster
-logFile
Logs/AssetImportWorker20.log
-srvPort
51989
Successfully changed project path to: D:/UnityProject/FishMaster/FishMaster
D:/UnityProject/FishMaster/FishMaster
[UnityMemory] Configuration Parameters - Can be set up in boot.config
    "memorysetup-bucket-allocator-granularity=16"
    "memorysetup-bucket-allocator-bucket-count=8"
    "memorysetup-bucket-allocator-block-size=33554432"
    "memorysetup-bucket-allocator-block-count=8"
    "memorysetup-main-allocator-block-size=16777216"
    "memorysetup-thread-allocator-block-size=16777216"
    "memorysetup-gfx-main-allocator-block-size=16777216"
    "memorysetup-gfx-thread-allocator-block-size=16777216"
    "memorysetup-cache-allocator-block-size=4194304"
    "memorysetup-typetree-allocator-block-size=2097152"
    "memorysetup-profiler-bucket-allocator-granularity=16"
    "memorysetup-profiler-bucket-allocator-bucket-count=8"
    "memorysetup-profiler-bucket-allocator-block-size=33554432"
    "memorysetup-profiler-bucket-allocator-block-count=8"
    "memorysetup-profiler-allocator-block-size=16777216"
    "memorysetup-profiler-editor-allocator-block-size=1048576"
    "memorysetup-temp-allocator-size-main=16777216"
    "memorysetup-job-temp-allocator-block-size=2097152"
    "memorysetup-job-temp-allocator-block-size-background=1048576"
    "memorysetup-job-temp-allocator-reduction-small-platforms=262144"
    "memorysetup-temp-allocator-size-background-worker=32768"
    "memorysetup-temp-allocator-size-job-worker=262144"
    "memorysetup-temp-allocator-size-preload-manager=33554432"
    "memorysetup-temp-allocator-size-nav-mesh-worker=65536"
    "memorysetup-temp-allocator-size-audio-worker=65536"
    "memorysetup-temp-allocator-size-cloud-worker=32768"
    "memorysetup-temp-allocator-size-gi-baking-worker=262144"
    "memorysetup-temp-allocator-size-gfx=262144"
Player connection [31264] Host "[IP] 192.168.31.204 [Port] 0 [Flags] 2 [Guid] 917192670 [EditorId] 917192670 [Version] 1048832 [Id] WindowsEditor(7,BF-202501021008) [Debug] 1 [PackageName] WindowsEditor [ProjectName] Editor" joined multi-casting on [225.0.0.222:54997]...

Player connection [31264] Host "[IP] 192.168.31.204 [Port] 0 [Flags] 2 [Guid] 917192670 [EditorId] 917192670 [Version] 1048832 [Id] WindowsEditor(7,BF-202501021008) [Debug] 1 [PackageName] WindowsEditor [ProjectName] Editor" joined alternative multi-casting on [225.0.0.222:34997]...

AS: AutoStreaming module initializing.
[Physics::Module] Initialized MultithreadedJobDispatcher with {0} workers.
Refreshing native plugins compatible for Editor in 77.64 ms, found 3 plugins.
Preloading 0 native plugins for Editor in 0.00 ms.
Initialize engine version: 2021.3.41f1c1 (abf9ed549ceb)
[Subsystems] Discovering subsystems at path D:/Unity Hub/Editor/2021.3.41f1c1/Editor/Data/Resources/UnitySubsystems
[Subsystems] Discovering subsystems at path D:/UnityProject/FishMaster/FishMaster/Assets
GfxDevice: creating device client; threaded=0; jobified=0
Direct3D:
    Version:  Direct3D 11.0 [level 11.1]
    Renderer: NVIDIA GeForce GTX 1050 (ID=0x1c8d)
    Vendor:   NVIDIA
    VRAM:     4004 MB
    Driver:   32.0.15.6636
Initialize mono
Mono path[0] = 'D:/Unity Hub/Editor/2021.3.41f1c1/Editor/Data/Managed'
Mono path[1] = 'D:/Unity Hub/Editor/2021.3.41f1c1/Editor/Data/MonoBleedingEdge/lib/mono/unityjit-win32'
Mono config path = 'D:/Unity Hub/Editor/2021.3.41f1c1/Editor/Data/MonoBleedingEdge/etc'
Using monoOptions --debugger-agent=transport=dt_socket,embedding=1,server=y,suspend=n,address=127.0.0.1:56452
Begin MonoManager ReloadAssembly
Registering precompiled unity dll's ...
Register platform support module: D:/Unity Hub/Editor/2021.3.41f1c1/Editor/Data/PlaybackEngines/WebGLSupport/UnityEditor.WebGL.Extensions.dll
Register platform support module: D:/Unity Hub/Editor/2021.3.41f1c1/Editor/Data/PlaybackEngines/WindowsStandaloneSupport/UnityEditor.WindowsStandalone.Extensions.dll
Registered in 0.005612 seconds.
Native extension for WindowsStandalone target not found
Native extension for WebGL target not found
Refreshing native plugins compatible for Editor in 87.17 ms, found 3 plugins.
Preloading 0 native plugins for Editor in 0.00 ms.
Mono: successfully reloaded assembly
- Completed reload, in  0.942 seconds
Domain Reload Profiling:
	ReloadAssembly (943ms)
		BeginReloadAssembly (156ms)
			ExecutionOrderSort (0ms)
			DisableScriptedObjects (0ms)
			BackupInstance (0ms)
			ReleaseScriptingObjects (0ms)
			CreateAndSetChildDomain (1ms)
		EndReloadAssembly (638ms)
			LoadAssemblies (154ms)
			RebuildTransferFunctionScriptingTraits (0ms)
			SetupTypeCache (171ms)
			ReleaseScriptCaches (0ms)
			RebuildScriptCaches (43ms)
			SetupLoadedEditorAssemblies (364ms)
				LogAssemblyErrors (0ms)
				InitializePlatformSupportModulesInManaged (12ms)
				SetLoadedEditorAssemblies (0ms)
				RefreshPlugins (87ms)
				BeforeProcessingInitializeOnLoad (2ms)
				ProcessInitializeOnLoadAttributes (197ms)
				ProcessInitializeOnLoadMethodAttributes (65ms)
				AfterProcessingInitializeOnLoad (0ms)
				EditorAssembliesLoaded (0ms)
			ExecutionOrderSort2 (0ms)
			AwakeInstancesAfterBackupRestoration (0ms)
Platform modules already initialized, skipping
Registering precompiled user dll's ...
Registered in 0.007190 seconds.
Begin MonoManager ReloadAssembly
Native extension for WindowsStandalone target not found
Native extension for WebGL target not found
Refreshing native plugins compatible for Editor in 0.85 ms, found 3 plugins.
Preloading 0 native plugins for Editor in 0.00 ms.
Package Manager log level set to [2]
[Package Manager] Server::EnsureServerProcessIsRunning -- launch failed, reason: Unity was launched with the -noUpm command-line argument
[Package Manager] Cannot connect to Unity Package Manager local server
Mono: successfully reloaded assembly
- Completed reload, in  1.707 seconds
Domain Reload Profiling:
	ReloadAssembly (1708ms)
		BeginReloadAssembly (180ms)
			ExecutionOrderSort (0ms)
			DisableScriptedObjects (9ms)
			BackupInstance (0ms)
			ReleaseScriptingObjects (0ms)
			CreateAndSetChildDomain (28ms)
		EndReloadAssembly (1380ms)
			LoadAssemblies (121ms)
			RebuildTransferFunctionScriptingTraits (0ms)
			SetupTypeCache (309ms)
			ReleaseScriptCaches (1ms)
			RebuildScriptCaches (71ms)
			SetupLoadedEditorAssemblies (859ms)
				LogAssemblyErrors (0ms)
				InitializePlatformSupportModulesInManaged (8ms)
				SetLoadedEditorAssemblies (1ms)
				RefreshPlugins (1ms)
				BeforeProcessingInitializeOnLoad (78ms)
				ProcessInitializeOnLoadAttributes (735ms)
				ProcessInitializeOnLoadMethodAttributes (30ms)
				AfterProcessingInitializeOnLoad (8ms)
				EditorAssembliesLoaded (0ms)
			ExecutionOrderSort2 (0ms)
			AwakeInstancesAfterBackupRestoration (8ms)
Platform modules already initialized, skipping
========================================================================
Worker process is ready to serve import requests
Launched and connected shader compiler UnityShaderCompiler.exe after 0.07 seconds
Refreshing native plugins compatible for Editor in 0.88 ms, found 3 plugins.
Preloading 0 native plugins for Editor in 0.00 ms.
Unloading 3012 Unused Serialized files (Serialized files now loaded: 0)
Unloading 23 unused Assets / (38.5 KB). Loaded Objects now: 3477.
Memory consumption went from 112.7 MB to 112.7 MB.
Total: 4.129500 ms (FindLiveObjects: 0.506100 ms CreateObjectMapping: 0.347600 ms MarkObjects: 3.187600 ms  DeleteObjects: 0.086600 ms)

AssetImportParameters requested are different than current active one (requested -> active):
  custom:video-decoder-ogg-theora: a1e56fd34408186e4bbccfd4996cb3dc -> 
  custom:container-muxer-webm: aa71ff27fc2769a1b78a27578f13a17b -> 
  custom:container-demuxer-webm: 4f35f7cbe854078d1ac9338744f61a02 -> 
  custom:video-encoder-webm-vp8: eb34c28f22e8b96e1ab97ce403110664 -> 
  custom:CustomObjectIndexerAttribute: bc11b3a6c3213fcdd17b65e7da85e133 -> 
  custom:audio-encoder-webm-vorbis: bf7c407c2cedff20999df2af8eb42d56 -> 
  custom:framework-win-MediaFoundation: 216162199b28c13a410421893ffa2e32 -> 
  custom:SearchIndexIgnoredProperties: e643bd26f0fe6173181afceb89e7c659 -> 
  custom:container-demuxer-ogg: 62fdf1f143b41e24485cea50d1cbac27 -> 
  custom:video-decoder-webm-vp8: 9c59270c3fd7afecdb556c50c9e8de78 -> 
  custom:audio-decoder-ogg-vorbis: bf7c407c2cedff20999df2af8eb42d56 -> 
========================================================================
Received Import Request.
  Time since last request: 10795.413737 seconds.
  path: Assets/UI/ui_fish_accoun.png
  artifactKey: Guid(8af73b5b3a5e0854c8c267cd35192bd9) Importer(815301076,1909f56bfc062723c751e8b465ee728b)
Number of updated assets reloaded before import = 0
Start importing Assets/UI/ui_fish_accoun.png using Guid(8af73b5b3a5e0854c8c267cd35192bd9) Importer(815301076,1909f56bfc062723c751e8b465ee728b)  -> (artifact id: '0fb9a20fd324c4542e15ae2e50bf6122') in 0.167507 seconds 
Number of asset objects unloaded after import = 3
========================================================================
Received Import Request.
  Time since last request: 0.000029 seconds.
  path: Assets/UI/ui_fish_cupfinish7.png
  artifactKey: Guid(504d0219cd0640d4c81c142a632d12a6) Importer(815301076,1909f56bfc062723c751e8b465ee728b)
Number of updated assets reloaded before import = 0
Start importing Assets/UI/ui_fish_cupfinish7.png using Guid(504d0219cd0640d4c81c142a632d12a6) Importer(815301076,1909f56bfc062723c751e8b465ee728b)  -> (artifact id: 'cb16a908fa60c51289ac090da3893379') in 0.017803 seconds 
Number of asset objects unloaded after import = 3
========================================================================
Received Import Request.
  Time since last request: 0.000034 seconds.
  path: Assets/UI/ui_fish_back1.png
  artifactKey: Guid(4442ffb237f1ae9448388e0f1791d35e) Importer(815301076,1909f56bfc062723c751e8b465ee728b)
Number of updated assets reloaded before import = 0
Start importing Assets/UI/ui_fish_back1.png using Guid(4442ffb237f1ae9448388e0f1791d35e) Importer(815301076,1909f56bfc062723c751e8b465ee728b)  -> (artifact id: '13ab715391e8b87a42bdaebbca5a377d') in 0.013778 seconds 
Number of asset objects unloaded after import = 3
========================================================================
Received Import Request.
  Time since last request: 0.000021 seconds.
  path: Assets/UI/ui_fish_cupfinish_light.png
  artifactKey: Guid(972cf296f09bf164aa6141926d7ae76f) Importer(815301076,1909f56bfc062723c751e8b465ee728b)
Number of updated assets reloaded before import = 0
Start importing Assets/UI/ui_fish_cupfinish_light.png using Guid(972cf296f09bf164aa6141926d7ae76f) Importer(815301076,1909f56bfc062723c751e8b465ee728b)  -> (artifact id: '14d861d510b20c1db5291339b498fc6e') in 0.011678 seconds 
Number of asset objects unloaded after import = 3
========================================================================
Received Import Request.
  Time since last request: 0.000021 seconds.
  path: Assets/UI/ui_fish_rank4.png
  artifactKey: Guid(87ffb799c5bc16a4d87ba020a4aaea0d) Importer(815301076,1909f56bfc062723c751e8b465ee728b)
Number of updated assets reloaded before import = 0
Start importing Assets/UI/ui_fish_rank4.png using Guid(87ffb799c5bc16a4d87ba020a4aaea0d) Importer(815301076,1909f56bfc062723c751e8b465ee728b)  -> (artifact id: '7bf4c1dfc640cd1b06eeb9f1b8e63028') in 0.011864 seconds 
Number of asset objects unloaded after import = 3
========================================================================
Received Import Request.
  Time since last request: 0.000026 seconds.
  path: Assets/UI/ui_fish_back2.png
  artifactKey: Guid(87f3b5a6a5bc4d64085ce686025ab885) Importer(815301076,1909f56bfc062723c751e8b465ee728b)
Number of updated assets reloaded before import = 0
Start importing Assets/UI/ui_fish_back2.png using Guid(87f3b5a6a5bc4d64085ce686025ab885) Importer(815301076,1909f56bfc062723c751e8b465ee728b)  -> (artifact id: 'b997cee34fc42e24d6259bfead7f58e2') in 0.012948 seconds 
Number of asset objects unloaded after import = 3
========================================================================
Received Import Request.
  Time since last request: 0.000026 seconds.
  path: Assets/UI/ui_fish_rank2.png
  artifactKey: Guid(af7ce4008faeb4242ac67d1b75238d4b) Importer(815301076,1909f56bfc062723c751e8b465ee728b)
Number of updated assets reloaded before import = 0
Start importing Assets/UI/ui_fish_rank2.png using Guid(af7ce4008faeb4242ac67d1b75238d4b) Importer(815301076,1909f56bfc062723c751e8b465ee728b)  -> (artifact id: 'a00d5f5e1b52840ed1b10885e3d47dd5') in 0.014237 seconds 
Number of asset objects unloaded after import = 3
========================================================================
Received Import Request.
  Time since last request: 0.000021 seconds.
  path: Assets/UI/ui_fish_ranking1.png
  artifactKey: Guid(1baab2189164ce04e81febb25403576d) Importer(815301076,1909f56bfc062723c751e8b465ee728b)
Number of updated assets reloaded before import = 0
Start importing Assets/UI/ui_fish_ranking1.png using Guid(1baab2189164ce04e81febb25403576d) Importer(815301076,1909f56bfc062723c751e8b465ee728b)  -> (artifact id: '37bc8843784670fc14d03b099c141ee5') in 0.013111 seconds 
Number of asset objects unloaded after import = 3
========================================================================
Received Import Request.
  Time since last request: 0.000020 seconds.
  path: Assets/UI/ui_fish_help2.png
  artifactKey: Guid(7c3722dc1a24de24bb4762ee7a717ad4) Importer(815301076,1909f56bfc062723c751e8b465ee728b)
Number of updated assets reloaded before import = 0
Start importing Assets/UI/ui_fish_help2.png using Guid(7c3722dc1a24de24bb4762ee7a717ad4) Importer(815301076,1909f56bfc062723c751e8b465ee728b)  -> (artifact id: '5769c9e1bc758cb1654e80cf27857809') in 0.011228 seconds 
Number of asset objects unloaded after import = 3
========================================================================
Received Import Request.
  Time since last request: 0.000020 seconds.
  path: Assets/UI/ui_fish_jia2.png
  artifactKey: Guid(4e2380f9ec29bb84fb042ce2eb3644e7) Importer(815301076,1909f56bfc062723c751e8b465ee728b)
Number of updated assets reloaded before import = 0
Start importing Assets/UI/ui_fish_jia2.png using Guid(4e2380f9ec29bb84fb042ce2eb3644e7) Importer(815301076,1909f56bfc062723c751e8b465ee728b)  -> (artifact id: '3391110356e74284c9ddba87ffe382c4') in 0.010320 seconds 
Number of asset objects unloaded after import = 3
========================================================================
Received Import Request.
  Time since last request: 0.000019 seconds.
  path: Assets/UI/ui_fish_dizuo3.png
  artifactKey: Guid(c6b7bc7711e64ec419f9dc7fe3478457) Importer(815301076,1909f56bfc062723c751e8b465ee728b)
Number of updated assets reloaded before import = 0
Start importing Assets/UI/ui_fish_dizuo3.png using Guid(c6b7bc7711e64ec419f9dc7fe3478457) Importer(815301076,1909f56bfc062723c751e8b465ee728b)  -> (artifact id: 'a7c7f2aa37be7d2c98ed89b159bf134c') in 0.011644 seconds 
Number of asset objects unloaded after import = 3
========================================================================
Received Import Request.
  Time since last request: 0.000024 seconds.
  path: Assets/UI/ui_fish_cupfinish6.png
  artifactKey: Guid(7680e742cf1b1124f8dcb8a8c259d759) Importer(815301076,1909f56bfc062723c751e8b465ee728b)
Number of updated assets reloaded before import = 0
Start importing Assets/UI/ui_fish_cupfinish6.png using Guid(7680e742cf1b1124f8dcb8a8c259d759) Importer(815301076,1909f56bfc062723c751e8b465ee728b)  -> (artifact id: '2080804d3feeb8b54703432f54582151') in 0.009589 seconds 
Number of asset objects unloaded after import = 3
========================================================================
Received Import Request.
  Time since last request: 0.000021 seconds.
  path: Assets/UI/ui_fish_lv2.png
  artifactKey: Guid(57f0d9207f486144694fe90c1ad1c063) Importer(815301076,1909f56bfc062723c751e8b465ee728b)
Number of updated assets reloaded before import = 0
Start importing Assets/UI/ui_fish_lv2.png using Guid(57f0d9207f486144694fe90c1ad1c063) Importer(815301076,1909f56bfc062723c751e8b465ee728b)  -> (artifact id: 'e07456c749187ece4936324948b54399') in 0.009700 seconds 
Number of asset objects unloaded after import = 3
========================================================================
Received Import Request.
  Time since last request: 0.000020 seconds.
  path: Assets/UI/ui_fish_jian2.png
  artifactKey: Guid(8d4844ff65806844d962456e1a00519e) Importer(815301076,1909f56bfc062723c751e8b465ee728b)
Number of updated assets reloaded before import = 0
Start importing Assets/UI/ui_fish_jian2.png using Guid(8d4844ff65806844d962456e1a00519e) Importer(815301076,1909f56bfc062723c751e8b465ee728b)  -> (artifact id: '1d620d6056bbc5a3c0f2f5c9f4adaef0') in 0.011470 seconds 
Number of asset objects unloaded after import = 3
========================================================================
Received Import Request.
  Time since last request: 0.000025 seconds.
  path: Assets/UI/ui_fish_encyclopedia2.png
  artifactKey: Guid(bd4979d289a93a04ea1bfafb660d3097) Importer(815301076,1909f56bfc062723c751e8b465ee728b)
Number of updated assets reloaded before import = 0
Start importing Assets/UI/ui_fish_encyclopedia2.png using Guid(bd4979d289a93a04ea1bfafb660d3097) Importer(815301076,1909f56bfc062723c751e8b465ee728b)  -> (artifact id: '80695cf0060278a52a5b9cebb54c5790') in 0.017026 seconds 
Number of asset objects unloaded after import = 3
========================================================================
Received Import Request.
  Time since last request: 0.000021 seconds.
  path: Assets/UI/ui_fish_dizuo4.png
  artifactKey: Guid(e2cb2384437d30c4b88571f275bcf0e3) Importer(815301076,1909f56bfc062723c751e8b465ee728b)
Number of updated assets reloaded before import = 0
Start importing Assets/UI/ui_fish_dizuo4.png using Guid(e2cb2384437d30c4b88571f275bcf0e3) Importer(815301076,1909f56bfc062723c751e8b465ee728b)  -> (artifact id: 'af4e14f649e0bf76f6691e0db81bcbb2') in 0.013960 seconds 
Number of asset objects unloaded after import = 3
========================================================================
Received Import Request.
  Time since last request: 0.000021 seconds.
  path: Assets/UI/ui_fish_mission_finish1.png
  artifactKey: Guid(a133e80f9fb5fc543b770590c6fea05c) Importer(815301076,1909f56bfc062723c751e8b465ee728b)
Number of updated assets reloaded before import = 0
Start importing Assets/UI/ui_fish_mission_finish1.png using Guid(a133e80f9fb5fc543b770590c6fea05c) Importer(815301076,1909f56bfc062723c751e8b465ee728b)  -> (artifact id: '3f80892d57865ec1c89db92f8ea58645') in 0.022503 seconds 
Number of asset objects unloaded after import = 3
========================================================================
Received Import Request.
  Time since last request: 0.000022 seconds.
  path: Assets/UI/ui_fish_cupfinish2.png
  artifactKey: Guid(4d8d8a7962e3528418ea999e14b2d47e) Importer(815301076,1909f56bfc062723c751e8b465ee728b)
Number of updated assets reloaded before import = 0
Start importing Assets/UI/ui_fish_cupfinish2.png using Guid(4d8d8a7962e3528418ea999e14b2d47e) Importer(815301076,1909f56bfc062723c751e8b465ee728b)  -> (artifact id: '573d8e9616e6811a8dbb42c7c07de8a0') in 0.009872 seconds 
Number of asset objects unloaded after import = 3
========================================================================
Received Import Request.
  Time since last request: 0.000033 seconds.
  path: Assets/UI/ui_fish_dizuo2.png
  artifactKey: Guid(6161e35dcc63fdd4b95abe92e110949d) Importer(815301076,1909f56bfc062723c751e8b465ee728b)
Number of updated assets reloaded before import = 0
Start importing Assets/UI/ui_fish_dizuo2.png using Guid(6161e35dcc63fdd4b95abe92e110949d) Importer(815301076,1909f56bfc062723c751e8b465ee728b)  -> (artifact id: '087232d231f9646865220ac7ca10d578') in 0.015850 seconds 
Number of asset objects unloaded after import = 3
========================================================================
Received Import Request.
  Time since last request: 0.000023 seconds.
  path: Assets/UI/ui_fish_cupfinish4a.png
  artifactKey: Guid(bcaa9fceae9044a468fc0aed134eac63) Importer(815301076,1909f56bfc062723c751e8b465ee728b)
Number of updated assets reloaded before import = 0
Start importing Assets/UI/ui_fish_cupfinish4a.png using Guid(bcaa9fceae9044a468fc0aed134eac63) Importer(815301076,1909f56bfc062723c751e8b465ee728b)  -> (artifact id: '4416dd08861b9b7fc9e437f566fe2b94') in 0.011869 seconds 
Number of asset objects unloaded after import = 3
========================================================================
Received Import Request.
  Time since last request: 0.000019 seconds.
  path: Assets/UI/ui_fish_cupfinish5.png
  artifactKey: Guid(8dee0e770c7a45447bcffe6672f50e24) Importer(815301076,1909f56bfc062723c751e8b465ee728b)
Number of updated assets reloaded before import = 0
Start importing Assets/UI/ui_fish_cupfinish5.png using Guid(8dee0e770c7a45447bcffe6672f50e24) Importer(815301076,1909f56bfc062723c751e8b465ee728b)  -> (artifact id: '32071e2dfa144379c8bccf899ae9b9b7') in 0.015487 seconds 
Number of asset objects unloaded after import = 3
========================================================================
Received Import Request.
  Time since last request: 0.615108 seconds.
  path: Assets/UI/ui_fish_register_bi.png
  artifactKey: Guid(97469c213cfd8a24fb50f10afb93a4db) Importer(815301076,1909f56bfc062723c751e8b465ee728b)
Number of updated assets reloaded before import = 0
Start importing Assets/UI/ui_fish_register_bi.png using Guid(97469c213cfd8a24fb50f10afb93a4db) Importer(815301076,1909f56bfc062723c751e8b465ee728b)  -> (artifact id: '37476673c20f8afa14ca385f2d426780') in 0.009234 seconds 
Number of asset objects unloaded after import = 3
========================================================================
Received Import Request.
  Time since last request: 0.000021 seconds.
  path: Assets/UI/ui_fish_register_star.png
  artifactKey: Guid(b44cba4e6fdbd6a4c88cd5f52f1b27d3) Importer(815301076,1909f56bfc062723c751e8b465ee728b)
Number of updated assets reloaded before import = 0
Start importing Assets/UI/ui_fish_register_star.png using Guid(b44cba4e6fdbd6a4c88cd5f52f1b27d3) Importer(815301076,1909f56bfc062723c751e8b465ee728b)  -> (artifact id: 'a1d63337b21c7fe626448106401b9a67') in 0.009868 seconds 
Number of asset objects unloaded after import = 3
========================================================================
Received Import Request.
  Time since last request: 0.000022 seconds.
  path: Assets/UI/ui_fish_register_d2.png
  artifactKey: Guid(5a560f70301b4a443b9295329fe22ac0) Importer(815301076,1909f56bfc062723c751e8b465ee728b)
Number of updated assets reloaded before import = 0
Start importing Assets/UI/ui_fish_register_d2.png using Guid(5a560f70301b4a443b9295329fe22ac0) Importer(815301076,1909f56bfc062723c751e8b465ee728b)  -> (artifact id: '5b7ee48618a5cafff0dbb77c3cf6002e') in 0.011602 seconds 
Number of asset objects unloaded after import = 3
========================================================================
Received Import Request.
  Time since last request: 0.000018 seconds.
  path: Assets/UI/ui_fish_register_z5.png
  artifactKey: Guid(1f23d1939b407684d87f5bdc2be7700a) Importer(815301076,1909f56bfc062723c751e8b465ee728b)
Number of updated assets reloaded before import = 0
Start importing Assets/UI/ui_fish_register_z5.png using Guid(1f23d1939b407684d87f5bdc2be7700a) Importer(815301076,1909f56bfc062723c751e8b465ee728b)  -> (artifact id: '6bbefcd34acbe64ecc24aa400c768386') in 0.009212 seconds 
Number of asset objects unloaded after import = 3
========================================================================
Received Import Request.
  Time since last request: 0.000019 seconds.
  path: Assets/UI/ui_fish_register_d3.png
  artifactKey: Guid(33dece2ee217f7842ab422888266717c) Importer(815301076,1909f56bfc062723c751e8b465ee728b)
Number of updated assets reloaded before import = 0
Start importing Assets/UI/ui_fish_register_d3.png using Guid(33dece2ee217f7842ab422888266717c) Importer(815301076,1909f56bfc062723c751e8b465ee728b)  -> (artifact id: 'b9592751b420a4730e2b63896afd61ab') in 0.012187 seconds 
Number of asset objects unloaded after import = 3
========================================================================
Received Import Request.
  Time since last request: 0.000019 seconds.
  path: Assets/UI/ui_fish_register_z3.png
  artifactKey: Guid(ae4933eb0f532524e8d74e399c94eced) Importer(815301076,1909f56bfc062723c751e8b465ee728b)
Number of updated assets reloaded before import = 0
Start importing Assets/UI/ui_fish_register_z3.png using Guid(ae4933eb0f532524e8d74e399c94eced) Importer(815301076,1909f56bfc062723c751e8b465ee728b)  -> (artifact id: '6d55a2b857a217ab71c86a7bae5711a8') in 0.008850 seconds 
Number of asset objects unloaded after import = 3
========================================================================
Received Import Request.
  Time since last request: 0.000020 seconds.
  path: Assets/UI/ui_fish_start_front.png
  artifactKey: Guid(fe9b44cd47b0e2849adb8130c54500a2) Importer(815301076,1909f56bfc062723c751e8b465ee728b)
Number of updated assets reloaded before import = 0
Start importing Assets/UI/ui_fish_start_front.png using Guid(fe9b44cd47b0e2849adb8130c54500a2) Importer(815301076,1909f56bfc062723c751e8b465ee728b)  -> (artifact id: 'c82fb8c6b4cc8fa3c7a6f6245ad106c2') in 0.011900 seconds 
Number of asset objects unloaded after import = 3
========================================================================
Received Import Request.
  Time since last request: 0.000027 seconds.
  path: Assets/UI/ui_fish_register_d5.png
  artifactKey: Guid(7626eed3b03d4464ca93267234f02f06) Importer(815301076,1909f56bfc062723c751e8b465ee728b)
Number of updated assets reloaded before import = 0
Start importing Assets/UI/ui_fish_register_d5.png using Guid(7626eed3b03d4464ca93267234f02f06) Importer(815301076,1909f56bfc062723c751e8b465ee728b)  -> (artifact id: 'ef8aaf7c2904034ddf3b047fa47bdf36') in 0.012914 seconds 
Number of asset objects unloaded after import = 3
========================================================================
Received Import Request.
  Time since last request: 0.000021 seconds.
  path: Assets/UI/ui_fish_register_light1.png
  artifactKey: Guid(b633b5df0fd075346aab5891ab5c2cdc) Importer(815301076,1909f56bfc062723c751e8b465ee728b)
Number of updated assets reloaded before import = 0
Start importing Assets/UI/ui_fish_register_light1.png using Guid(b633b5df0fd075346aab5891ab5c2cdc) Importer(815301076,1909f56bfc062723c751e8b465ee728b)  -> (artifact id: '6032eaea09d2774b8fecbd20807125b7') in 0.012421 seconds 
Number of asset objects unloaded after import = 3
========================================================================
Received Import Request.
  Time since last request: 0.000019 seconds.
  path: Assets/UI/ui_fish_yuchang7.png
  artifactKey: Guid(662f43617b9457f44bd8466106844766) Importer(815301076,1909f56bfc062723c751e8b465ee728b)
Number of updated assets reloaded before import = 0
Start importing Assets/UI/ui_fish_yuchang7.png using Guid(662f43617b9457f44bd8466106844766) Importer(815301076,1909f56bfc062723c751e8b465ee728b)  -> (artifact id: '23cc46bb910e64f9a42935370437847c') in 0.008360 seconds 
Number of asset objects unloaded after import = 3
========================================================================
Received Import Request.
  Time since last request: 0.000019 seconds.
  path: Assets/UI/ui_fish_suonian.png
  artifactKey: Guid(5f6cd65542ce2a247bc764ee63fb9fe6) Importer(815301076,1909f56bfc062723c751e8b465ee728b)
Number of updated assets reloaded before import = 0
Start importing Assets/UI/ui_fish_suonian.png using Guid(5f6cd65542ce2a247bc764ee63fb9fe6) Importer(815301076,1909f56bfc062723c751e8b465ee728b)  -> (artifact id: 'bc7f84dbc59ec9c9a0dcd1ab51218758') in 0.008590 seconds 
Number of asset objects unloaded after import = 3
========================================================================
Received Import Request.
  Time since last request: 0.000023 seconds.
  path: Assets/UI/ui_fish_register_z2.png
  artifactKey: Guid(0edbb3aea49e24b4aa8e6a759b2ea374) Importer(815301076,1909f56bfc062723c751e8b465ee728b)
Number of updated assets reloaded before import = 0
Start importing Assets/UI/ui_fish_register_z2.png using Guid(0edbb3aea49e24b4aa8e6a759b2ea374) Importer(815301076,1909f56bfc062723c751e8b465ee728b)  -> (artifact id: '016f73a4d3a8a4fdbed3133d2baeeacd') in 0.010655 seconds 
Number of asset objects unloaded after import = 3
========================================================================
Received Import Request.
  Time since last request: 0.000019 seconds.
  path: Assets/UI/ui_fish_register_d7.png
  artifactKey: Guid(e5924a598e0db29438888acb966cb59f) Importer(815301076,1909f56bfc062723c751e8b465ee728b)
Number of updated assets reloaded before import = 0
Start importing Assets/UI/ui_fish_register_d7.png using Guid(e5924a598e0db29438888acb966cb59f) Importer(815301076,1909f56bfc062723c751e8b465ee728b)  -> (artifact id: '643b9f66835618075fc1d6b057134689') in 0.011645 seconds 
Number of asset objects unloaded after import = 3
========================================================================
Received Import Request.
  Time since last request: 0.000019 seconds.
  path: Assets/UI/ui_fish_register_z4.png
  artifactKey: Guid(96f5bd7e8e8f0b04d937576ac3e8d957) Importer(815301076,1909f56bfc062723c751e8b465ee728b)
Number of updated assets reloaded before import = 0
Start importing Assets/UI/ui_fish_register_z4.png using Guid(96f5bd7e8e8f0b04d937576ac3e8d957) Importer(815301076,1909f56bfc062723c751e8b465ee728b)  -> (artifact id: '5be15190ca9563b19f2ce26460b3ac22') in 0.022679 seconds 
Number of asset objects unloaded after import = 3
========================================================================
Received Import Request.
  Time since last request: 62.686701 seconds.
  path: Assets/Other/creditGold_2.png
  artifactKey: Guid(e74700be21936fb449298a8f01424082) Importer(815301076,1909f56bfc062723c751e8b465ee728b)
Number of updated assets reloaded before import = 0
Start importing Assets/Other/creditGold_2.png using Guid(e74700be21936fb449298a8f01424082) Importer(815301076,1909f56bfc062723c751e8b465ee728b)  -> (artifact id: '42c102027f74e9443ec4cb3491547f22') in 0.016577 seconds 
Number of asset objects unloaded after import = 3
========================================================================
Received Import Request.
  Time since last request: 0.000019 seconds.
  path: Assets/Other/gold_2.png
  artifactKey: Guid(bdc08687a1bfc6f4f83c57498f167298) Importer(815301076,1909f56bfc062723c751e8b465ee728b)
Number of updated assets reloaded before import = 0
Start importing Assets/Other/gold_2.png using Guid(bdc08687a1bfc6f4f83c57498f167298) Importer(815301076,1909f56bfc062723c751e8b465ee728b)  -> (artifact id: '2eb2e3952c38155edc7c5333ace5870a') in 0.010972 seconds 
Number of asset objects unloaded after import = 3
========================================================================
Received Import Request.
  Time since last request: 0.000020 seconds.
  path: Assets/Other/GunDbl_0.png
  artifactKey: Guid(014c1b17aa5f39a4a894531c990878a5) Importer(815301076,1909f56bfc062723c751e8b465ee728b)
Number of updated assets reloaded before import = 0
Start importing Assets/Other/GunDbl_0.png using Guid(014c1b17aa5f39a4a894531c990878a5) Importer(815301076,1909f56bfc062723c751e8b465ee728b)  -> (artifact id: '9e26ac9bf1f7c9a99c417b66efb1bcd0') in 0.011394 seconds 
Number of asset objects unloaded after import = 3
========================================================================
Received Import Request.
  Time since last request: 0.000021 seconds.
  path: Assets/Other/highCreditTip_7.png
  artifactKey: Guid(33ba1cb707e0dae4aa3e15eaa563a93e) Importer(815301076,1909f56bfc062723c751e8b465ee728b)
Number of updated assets reloaded before import = 0
Start importing Assets/Other/highCreditTip_7.png using Guid(33ba1cb707e0dae4aa3e15eaa563a93e) Importer(815301076,1909f56bfc062723c751e8b465ee728b)  -> (artifact id: 'dd6e25287785eaee2df96656c397508c') in 0.023703 seconds 
Number of asset objects unloaded after import = 3
========================================================================
Received Import Request.
  Time since last request: 0.000020 seconds.
  path: Assets/Other/gold_4.png
  artifactKey: Guid(74e1fd0a6e491344ea3c07ca399a6ac8) Importer(815301076,1909f56bfc062723c751e8b465ee728b)
Number of updated assets reloaded before import = 0
Start importing Assets/Other/gold_4.png using Guid(74e1fd0a6e491344ea3c07ca399a6ac8) Importer(815301076,1909f56bfc062723c751e8b465ee728b)  -> (artifact id: '3e68059c77db96f244f6116d99f41447') in 0.009083 seconds 
Number of asset objects unloaded after import = 3
========================================================================
Received Import Request.
  Time since last request: 0.000018 seconds.
  path: Assets/Other/creditGold_4.png
  artifactKey: Guid(f1d2a9f51b185a9499cb48a79346cb85) Importer(815301076,1909f56bfc062723c751e8b465ee728b)
Number of updated assets reloaded before import = 0
Start importing Assets/Other/creditGold_4.png using Guid(f1d2a9f51b185a9499cb48a79346cb85) Importer(815301076,1909f56bfc062723c751e8b465ee728b)  -> (artifact id: 'ced0278c8c8de91ff00d7187eb5cbc62') in 0.008728 seconds 
Number of asset objects unloaded after import = 3
========================================================================
Received Import Request.
  Time since last request: 0.000021 seconds.
  path: Assets/Other/gold_7.png
  artifactKey: Guid(64710f5fa88c7db408a0e217e8a3549a) Importer(815301076,1909f56bfc062723c751e8b465ee728b)
Number of updated assets reloaded before import = 0
Start importing Assets/Other/gold_7.png using Guid(64710f5fa88c7db408a0e217e8a3549a) Importer(815301076,1909f56bfc062723c751e8b465ee728b)  -> (artifact id: '5470e304bbcfce9bfba881c1d994a099') in 0.010027 seconds 
Number of asset objects unloaded after import = 3
========================================================================
Received Import Request.
  Time since last request: 0.000022 seconds.
  path: Assets/Other/SeaWave_1.png
  artifactKey: Guid(8f7bd23e2ba72a4488d8af4638761f9f) Importer(815301076,1909f56bfc062723c751e8b465ee728b)
Number of updated assets reloaded before import = 0
Start importing Assets/Other/SeaWave_1.png using Guid(8f7bd23e2ba72a4488d8af4638761f9f) Importer(815301076,1909f56bfc062723c751e8b465ee728b)  -> (artifact id: '896260ca0105494052b9e35dd94e7261') in 0.090982 seconds 
Number of asset objects unloaded after import = 3
========================================================================
Received Import Request.
  Time since last request: 0.000028 seconds.
  path: Assets/Other/GunLiziQuad_0.png
  artifactKey: Guid(9813d09dcf2994a44902fe4053074188) Importer(815301076,1909f56bfc062723c751e8b465ee728b)
Number of updated assets reloaded before import = 0
Start importing Assets/Other/GunLiziQuad_0.png using Guid(9813d09dcf2994a44902fe4053074188) Importer(815301076,1909f56bfc062723c751e8b465ee728b)  -> (artifact id: 'fe22dffc116d46622692dc5f461e7486') in 0.015453 seconds 
Number of asset objects unloaded after import = 3
========================================================================
Received Import Request.
  Time since last request: 0.000037 seconds.
  path: Assets/Other/gold_10.png
  artifactKey: Guid(6137b17be9eb26248898ee7eaf643ffb) Importer(815301076,1909f56bfc062723c751e8b465ee728b)
Number of updated assets reloaded before import = 0
Start importing Assets/Other/gold_10.png using Guid(6137b17be9eb26248898ee7eaf643ffb) Importer(815301076,1909f56bfc062723c751e8b465ee728b)  -> (artifact id: '5679cb7ddcc07bf4070c7b5a43c078a5') in 0.009247 seconds 
Number of asset objects unloaded after import = 3
========================================================================
Received Import Request.
  Time since last request: 0.000023 seconds.
  path: Assets/Other/SeaWave_0.png
  artifactKey: Guid(fc4ec62fc5f028c46886896c34e952f5) Importer(815301076,1909f56bfc062723c751e8b465ee728b)
Number of updated assets reloaded before import = 0
Start importing Assets/Other/SeaWave_0.png using Guid(fc4ec62fc5f028c46886896c34e952f5) Importer(815301076,1909f56bfc062723c751e8b465ee728b)  -> (artifact id: 'fc7d5eda1982fc262e0986f05c64185a') in 0.077983 seconds 
Number of asset objects unloaded after import = 3
Editor requested this worker to shutdown with reason: Scaling down because of idle timeout
AssetImportWorker is now disconnected from the server
Process exiting
Exiting without the bug reporter. Application will terminate with return code 0